<?xml version="1.0" encoding="UTF-8" ?>
<testsuite tests="22" failures="0" name="org.cs362.dominion.CardTest" time="0.016" errors="0" skipped="0">
  <properties>
[...]
</properties>
  <testcase classname="org.cs362.dominion.CardTest" name="TestCouncil_Room" time="0.016"/>
  <testcase classname="org.cs362.dominion.CardTest" name="TestAdventurer" time="0"/>
  <testcase classname="org.cs362.dominion.CardTest" name="TestBureaucrat" time="0"/>
  <testcase classname="org.cs362.dominion.CardTest" name="PlayCooper" time="0"/>
  <testcase classname="org.cs362.dominion.CardTest" name="TestGold" time="0"/>
  <testcase classname="org.cs362.dominion.CardTest" name="TestCellar" time="0"/>
  <testcase classname="org.cs362.dominion.CardTest" name="TestChapel" time="0"/>
  <testcase classname="org.cs362.dominion.CardTest" name="TestCooper" time="0"/>
  <testcase classname="org.cs362.dominion.CardTest" name="TestEstate" time="0"/>
  <testcase classname="org.cs362.dominion.CardTest" name="TestGarden" time="0"/>
  <testcase classname="org.cs362.dominion.CardTest" name="TestMarket" time="0"/>
  <testcase classname="org.cs362.dominion.CardTest" name="PlaySilver" time="0"/>
  <testcase classname="org.cs362.dominion.CardTest" name="TestSilver" time="0"/>
  <testcase classname="org.cs362.dominion.CardTest" name="TestSmithy" time="0"/>
  <testcase classname="org.cs362.dominion.CardTest" name="TestProvince" time="0"/>
  <testcase classname="org.cs362.dominion.CardTest" name="TestChancellor" time="0"/>
  <testcase classname="org.cs362.dominion.CardTest" name="TestDuchy" time="0"/>
  <testcase classname="org.cs362.dominion.CardTest" name="TestFeast" time="0"/>
  <testcase classname="org.cs362.dominion.CardTest" name="TestLaboratory" time="0"/>
  <testcase classname="org.cs362.dominion.CardTest" name="TestLibrary" time="0"/>
  <testcase classname="org.cs362.dominion.CardTest" name="TestVillage" time="0"/>
  <testcase classname="org.cs362.dominion.CardTest" name="PlayGold" time="0"/>
</testsuite>