<?xml version="1.0" encoding="UTF-8"?>
<testsuite name="org.cs362.dominion.SmithyTest" time="0.02" tests="1" errors="1" skipped="0" failures="0">
  <properties>
[...]
</properties>
  <testcase name="test0" classname="org.cs362.dominion.SmithyTest" time="0.02">
    <error type="java.lang.NullPointerException:">java.lang.NullPointerException: null
	at org.cs362.dominion.GameState.clone(GameState.java:195)
	at org.cs362.dominion.SmithyTest.test0(SmithyTest.java:44)
</error>
    <system-out><![CDATA[Player: player-1 gains  
	Copper
Player: player-1 gains  
	Copper
Player: player-1 gains  
	Copper
Player: player-1 gains  
	Copper
Player: player-1 gains  
	Copper
Player: player-1 gains  
	Copper
Player: player-1 gains  
	Copper
Player: player-1 gains  
	Estate
Player: player-1 gains  
	Estate
Player: player-1 gains  
	Estate
reshuffle the deck of the player player-1 to draw FIVE cards
draw  
	Estate
draw  
	Copper
draw  
	Estate
draw  
	Copper
draw  
	Copper
Player: player-2 gains  
	Copper
Player: player-2 gains  
	Copper
Player: player-2 gains  
	Copper
Player: player-2 gains  
	Copper
Player: player-2 gains  
	Copper
Player: player-2 gains  
	Copper
Player: player-2 gains  
	Copper
Player: player-2 gains  
	Estate
Player: player-2 gains  
	Estate
Player: player-2 gains  
	Estate
reshuffle the deck of the player player-2 to draw FIVE cards
draw  
	Copper
draw  
	Copper
draw  
	Estate
draw  
	Estate
draw  
	Estate
hand count = 6
hand deck = 5
hand coins = 0
hand numActions = 1
hand numBuys = 1
hand hand = 6
hand deck = 5
]]></system-out>
  </testcase>
</testsuite>