<?xml version="1.0" encoding="UTF-8" ?>
<testsuite failures="0" time="0.182" errors="1" skipped="0" tests="1" name="org.cs362.dominion.SmithyTest">
  <properties>
[...]
</properties>
  <testcase time="0.115" classname="org.cs362.dominion.SmithyTest" name="test0">
    <error type="java.lang.NullPointerException">java.lang.NullPointerException
	at java.util.ComparableTimSort.countRunAndMakeAscending(ComparableTimSort.java:290)
	at java.util.ComparableTimSort.sort(ComparableTimSort.java:157)
	at java.util.ComparableTimSort.sort(ComparableTimSort.java:146)
	at java.util.Arrays.sort(Arrays.java:472)
	at java.util.Collections.sort(Collections.java:155)
	at org.cs362.dominion.Player.drawCard(Player.java:54)
	at org.cs362.dominion.Player.initializePlayerTurn(Player.java:65)
	at org.cs362.dominion.GameState.play(GameState.java:82)
	at org.cs362.dominion.SmithyTest.test0(SmithyTest.java:51)
	at sun.reflect.NativeMethodAccessorImpl.invoke0(Native Method)
	at sun.reflect.NativeMethodAccessorImpl.invoke(NativeMethodAccessorImpl.java:57)
	at sun.reflect.DelegatingMethodAccessorImpl.invoke(DelegatingMethodAccessorImpl.java:43)
	at java.lang.reflect.Method.invoke(Method.java:606)
	at org.junit.runners.model.FrameworkMethod$1.runReflectiveCall(FrameworkMethod.java:47)
	at org.junit.internal.runners.model.ReflectiveCallable.run(ReflectiveCallable.java:12)
	at org.junit.runners.model.FrameworkMethod.invokeExplosively(FrameworkMethod.java:44)
	at org.junit.internal.runners.statements.InvokeMethod.evaluate(InvokeMethod.java:17)
	at org.junit.runners.ParentRunner.runLeaf(ParentRunner.java:271)
	at org.junit.runners.BlockJUnit4ClassRunner.runChild(BlockJUnit4ClassRunner.java:70)
	at org.junit.runners.BlockJUnit4ClassRunner.runChild(BlockJUnit4ClassRunner.java:50)
	at org.junit.runners.ParentRunner$3.run(ParentRunner.java:238)
	at org.junit.runners.ParentRunner$1.schedule(ParentRunner.java:63)
	at org.junit.runners.ParentRunner.runChildren(ParentRunner.java:236)
	at org.junit.runners.ParentRunner.access$000(ParentRunner.java:53)
	at org.junit.runners.ParentRunner$2.evaluate(ParentRunner.java:229)
	at org.junit.runners.ParentRunner.run(ParentRunner.java:309)
	at org.apache.maven.surefire.junit4.JUnit4TestSet.execute(JUnit4TestSet.java:53)
	at org.apache.maven.surefire.junit4.JUnit4Provider.executeTestSet(JUnit4Provider.java:123)
	at org.apache.maven.surefire.junit4.JUnit4Provider.invoke(JUnit4Provider.java:104)
	at sun.reflect.NativeMethodAccessorImpl.invoke0(Native Method)
	at sun.reflect.NativeMethodAccessorImpl.invoke(NativeMethodAccessorImpl.java:57)
	at sun.reflect.DelegatingMethodAccessorImpl.invoke(DelegatingMethodAccessorImpl.java:43)
	at java.lang.reflect.Method.invoke(Method.java:606)
	at org.apache.maven.surefire.util.ReflectionUtils.invokeMethodWithArray(ReflectionUtils.java:164)
	at org.apache.maven.surefire.booter.ProviderFactory$ProviderProxy.invoke(ProviderFactory.java:110)
	at org.apache.maven.surefire.booter.SurefireStarter.invokeProvider(SurefireStarter.java:175)
	at org.apache.maven.surefire.booter.SurefireStarter.runSuitesInProcessWhenForked(SurefireStarter.java:107)
	at org.apache.maven.surefire.booter.ForkedBooter.main(ForkedBooter.java:68)
</error>
    <system-out>
player-1 &apos;s Inistial Card Draw Is: 
-----------------------------------
player-1 gains  
	Copper
-----------------------------------

player-1 &apos;s Inistial Card Draw Is: 
-----------------------------------
player-1 gains  
	Copper
-----------------------------------

player-1 &apos;s Inistial Card Draw Is: 
-----------------------------------
player-1 gains  
	Copper
-----------------------------------

player-1 &apos;s Inistial Card Draw Is: 
-----------------------------------
player-1 gains  
	Copper
-----------------------------------

player-1 &apos;s Inistial Card Draw Is: 
-----------------------------------
player-1 gains  
	Copper
-----------------------------------

player-1 &apos;s Inistial Card Draw Is: 
-----------------------------------
player-1 gains  
	Copper
-----------------------------------

player-1 &apos;s Inistial Card Draw Is: 
-----------------------------------
player-1 gains  
	Copper
-----------------------------------
-----------------------------------
player-1 gains  
	Estate
-----------------------------------
-----------------------------------
player-1 gains  
	Estate
-----------------------------------
-----------------------------------
player-1 gains  
	Estate
-----------------------------------

player-2 &apos;s Inistial Card Draw Is: 
-----------------------------------
player-2 gains  
	Copper
-----------------------------------

player-2 &apos;s Inistial Card Draw Is: 
-----------------------------------
player-2 gains  
	Copper
-----------------------------------

player-2 &apos;s Inistial Card Draw Is: 
-----------------------------------
player-2 gains  
	Copper
-----------------------------------

player-2 &apos;s Inistial Card Draw Is: 
-----------------------------------
player-2 gains  
	Copper
-----------------------------------

player-2 &apos;s Inistial Card Draw Is: 
-----------------------------------
player-2 gains  
	Copper
-----------------------------------

player-2 &apos;s Inistial Card Draw Is: 
-----------------------------------
player-2 gains  
	Copper
-----------------------------------

player-2 &apos;s Inistial Card Draw Is: 
-----------------------------------
player-2 gains  
	Copper
-----------------------------------
-----------------------------------
player-2 gains  
	Estate
-----------------------------------
-----------------------------------
player-2 gains  
	Estate
-----------------------------------
-----------------------------------
player-2 gains  
	Estate
-----------------------------------
hand count = 1
hand deck = 0
hand coins = 0
hand numActions = 0
hand numBuys = 0
hand hand = 1
hand deck = 0
-----------------------------------
        Turn 1           
-----------------------------------
Player: player-1 is playing
reshuffle the deck of the player player-1 to draw FIVE cards
draw  
	Copper
draw  
	Estate
draw  
	Copper
draw  
	Estate
draw  
	Copper
-----------------------------------
        Playing Kingdom Cards      
-----------------------------------
Player.actionPhase Card: 
	Smithy
draw  
	Copper
draw  
	Copper
draw  
	Copper
-----------------------------------
        Playing TreasureCards      
-----------------------------------
Treasure Cards Played: 
 
	Copper
 
	Copper
 
	Copper
 
	Copper
 
	Copper
 
	Copper
player-1 has 6 to use in Buy Round.
-----------------------------------
            Buying Cards           
-----------------------------------
-----------------------------------
player-1 gains  
	Gold
-----------------------------------
-----------------------------------
              End Turn             
-----------------------------------
-----------------------------------
        Turn 1           
-----------------------------------
Player: player-2 is playing
reshuffle the deck of the player player-2 to draw FIVE cards
draw  
	Copper
draw  
	Copper
draw  
	Estate
draw  
	Copper
draw  
	Copper
-----------------------------------
        Playing Kingdom Cards      
-----------------------------------
-----------------------------------
        Playing TreasureCards      
-----------------------------------
Treasure Cards Played: 
 
	Copper
 
	Copper
 
	Copper
 
	Copper
player-2 has 4 to use in Buy Round.
-----------------------------------
            Buying Cards           
-----------------------------------
-----------------------------------
              End Turn             
-----------------------------------
-----------------------------------
        Turn 2           
-----------------------------------
Player: player-1 is playing
draw  
	Estate
draw  
	Copper
reshuffle the deck of the player player-1 to draw FIVE cards
draw  
	Copper
draw  
	Estate
draw  
	Copper
-----------------------------------
        Playing Kingdom Cards      
-----------------------------------
-----------------------------------
        Playing TreasureCards      
-----------------------------------
Treasure Cards Played: 
 
	Copper
 
	Copper
 
	Copper
player-1 has 3 to use in Buy Round.
-----------------------------------
            Buying Cards           
-----------------------------------
-----------------------------------
player-1 gains  
	Village
-----------------------------------
-----------------------------------
              End Turn             
-----------------------------------
-----------------------------------
        Turn 2           
-----------------------------------
Player: player-2 is playing
draw  
	Copper
draw  
	Copper
draw  
	Estate
draw  
	Estate
draw  
	Copper
-----------------------------------
        Playing Kingdom Cards      
-----------------------------------
-----------------------------------
        Playing TreasureCards      
-----------------------------------
Treasure Cards Played: 
 
	Copper
 
	Copper
 
	Copper
player-2 has 3 to use in Buy Round.
-----------------------------------
            Buying Cards           
-----------------------------------
-----------------------------------
player-2 gains  
	Village
-----------------------------------
-----------------------------------
              End Turn             
-----------------------------------
-----------------------------------
        Turn 3           
-----------------------------------
Player: player-1 is playing
draw  
	Smithy
draw  
	Estate
draw  
	Copper
draw  
	Copper
draw  
	Copper
-----------------------------------
        Playing Kingdom Cards      
-----------------------------------
Player.actionPhase Card: 
	Smithy
draw  
	Copper
draw  
	Gold
reshuffle the deck of the player player-1 to draw FIVE cards
draw  
	Copper
-----------------------------------
        Playing TreasureCards      
-----------------------------------
Treasure Cards Played: 
 
	Gold
 
	Copper
 
	Copper
 
	Copper
 
	Copper
 
	Copper
player-1 has 8 to use in Buy Round.
-----------------------------------
            Buying Cards           
-----------------------------------
-----------------------------------
player-1 gains  
	Province
-----------------------------------
-----------------------------------
              End Turn             
-----------------------------------
-----------------------------------
        Turn 3           
-----------------------------------
Player: player-2 is playing
reshuffle the deck of the player player-2 to draw FIVE cards
draw  
	Copper
draw  
	Copper
draw  
	Copper
draw  
	Village
draw  
	Copper
-----------------------------------
        Playing Kingdom Cards      
-----------------------------------
Player.actionPhase Card: 
	Village
The player draw +1 Card.
draw  
	Copper
The player gets +2 play Actions.
Player:  player-2 discards null
-----------------------------------
        Playing TreasureCards      
-----------------------------------
Treasure Cards Played: 
 
	Copper
 
	Copper
 
	Copper
 
	Copper
 
	Copper
player-2 has 5 to use in Buy Round.
-----------------------------------
            Buying Cards           
-----------------------------------
-----------------------------------
player-2 gains  
	Mine
-----------------------------------
-----------------------------------
              End Turn             
-----------------------------------
-----------------------------------
        Turn 4           
-----------------------------------
Player: player-1 is playing
draw  
	Copper
draw  
	Copper
draw  
	Estate
draw  
	Estate
draw  
	Village
-----------------------------------
        Playing Kingdom Cards      
-----------------------------------
Player.actionPhase Card: 
	Village
The player draw +1 Card.
reshuffle the deck of the player player-1 to draw FIVE cards
draw  
	Province
The player gets +2 play Actions.
Player:  player-1 discards null
-----------------------------------
        Playing TreasureCards      
-----------------------------------
Treasure Cards Played: 
 
	Copper
 
	Copper
player-1 has 2 to use in Buy Round.
-----------------------------------
            Buying Cards           
-----------------------------------
-----------------------------------
player-1 gains  
	Estate
-----------------------------------
-----------------------------------
              End Turn             
-----------------------------------
-----------------------------------
        Turn 4           
-----------------------------------
Player: player-2 is playing
draw  
	Copper
draw  
	Estate
draw  
	Estate
draw  
	Copper
draw  
	Estate
-----------------------------------
        Playing Kingdom Cards      
-----------------------------------
-----------------------------------
        Playing TreasureCards      
-----------------------------------
Treasure Cards Played: 
 
	Copper
 
	Copper
player-2 has 2 to use in Buy Round.
-----------------------------------
            Buying Cards           
-----------------------------------
-----------------------------------
player-2 gains  
	Estate
-----------------------------------
-----------------------------------
              End Turn             
-----------------------------------
-----------------------------------
        Turn 5           
-----------------------------------
Player: player-1 is playing
draw  
	Copper
draw  
	Copper
draw  
	Estate
draw  
	Gold
draw  
	Copper
-----------------------------------
        Playing Kingdom Cards      
-----------------------------------
-----------------------------------
        Playing TreasureCards      
-----------------------------------
Treasure Cards Played: 
 
	Gold
 
	Copper
 
	Copper
 
	Copper
player-1 has 6 to use in Buy Round.
-----------------------------------
            Buying Cards           
-----------------------------------
-----------------------------------
player-1 gains  
	Gold
-----------------------------------
-----------------------------------
              End Turn             
-----------------------------------
-----------------------------------
        Turn 5           
-----------------------------------
Player: player-2 is playing
reshuffle the deck of the player player-2 to draw FIVE cards
draw  
	Village
draw null
</system-out>
  </testcase>
</testsuite>