<?xml version="1.0" encoding="UTF-8" ?>
<testsuite failures="1" time="0.036" errors="0" skipped="0" tests="5" name="cs362.dominion.PlayerTest">
  <properties>
[...]
</properties>
  <testcase time="0.018" classname="cs362.dominion.PlayerTest" name="treasureCardTest"/>
  <testcase time="0.01" classname="cs362.dominion.PlayerTest" name="buyCardTest">
    <failure message="expected:&lt;0&gt; but was:&lt;1&gt;" type="java.lang.AssertionError">java.lang.AssertionError: expected:&lt;0&gt; but was:&lt;1&gt;
	at org.junit.Assert.fail(Assert.java:88)
	at org.junit.Assert.failNotEquals(Assert.java:743)
	at org.junit.Assert.assertEquals(Assert.java:118)
	at org.junit.Assert.assertEquals(Assert.java:555)
	at org.junit.Assert.assertEquals(Assert.java:542)
	at cs362.dominion.PlayerTest.buyCardTest(PlayerTest.java:98)
	at sun.reflect.NativeMethodAccessorImpl.invoke0(Native Method)
	at sun.reflect.NativeMethodAccessorImpl.invoke(NativeMethodAccessorImpl.java:57)
	at sun.reflect.DelegatingMethodAccessorImpl.invoke(DelegatingMethodAccessorImpl.java:43)
	at java.lang.reflect.Method.invoke(Method.java:606)
	at org.junit.runners.model.FrameworkMethod$1.runReflectiveCall(FrameworkMethod.java:47)
	at org.junit.internal.runners.model.ReflectiveCallable.run(ReflectiveCallable.java:12)
	at org.junit.runners.model.FrameworkMethod.invokeExplosively(FrameworkMethod.java:44)
	at org.junit.internal.runners.statements.InvokeMethod.evaluate(InvokeMethod.java:17)
	at org.junit.runners.ParentRunner.runLeaf(ParentRunner.java:271)
	at org.junit.runners.BlockJUnit4ClassRunner.runChild(BlockJUnit4ClassRunner.java:70)
	at org.junit.runners.BlockJUnit4ClassRunner.runChild(BlockJUnit4ClassRunner.java:50)
	at org.junit.runners.ParentRunner$3.run(ParentRunner.java:238)
	at org.junit.runners.ParentRunner$1.schedule(ParentRunner.java:63)
	at org.junit.runners.ParentRunner.runChildren(ParentRunner.java:236)
	at org.junit.runners.ParentRunner.access$000(ParentRunner.java:53)
	at org.junit.runners.ParentRunner$2.evaluate(ParentRunner.java:229)
	at org.junit.runners.ParentRunner.run(ParentRunner.java:309)
	at org.apache.maven.surefire.junit4.JUnit4Provider.execute(JUnit4Provider.java:252)
	at org.apache.maven.surefire.junit4.JUnit4Provider.executeTestSet(JUnit4Provider.java:141)
	at org.apache.maven.surefire.junit4.JUnit4Provider.invoke(JUnit4Provider.java:112)
	at sun.reflect.NativeMethodAccessorImpl.invoke0(Native Method)
	at sun.reflect.NativeMethodAccessorImpl.invoke(NativeMethodAccessorImpl.java:57)
	at sun.reflect.DelegatingMethodAccessorImpl.invoke(DelegatingMethodAccessorImpl.java:43)
	at java.lang.reflect.Method.invoke(Method.java:606)
	at org.apache.maven.surefire.util.ReflectionUtils.invokeMethodWithArray(ReflectionUtils.java:189)
	at org.apache.maven.surefire.booter.ProviderFactory$ProviderProxy.invoke(ProviderFactory.java:165)
	at org.apache.maven.surefire.booter.ProviderFactory.invokeProvider(ProviderFactory.java:85)
	at org.apache.maven.surefire.booter.ForkedBooter.runSuitesInProcess(ForkedBooter.java:115)
	at org.apache.maven.surefire.booter.ForkedBooter.main(ForkedBooter.java:75)
</failure>
    <system-out>Cooper added to deck.
Cooper added to deck.
Cooper added to deck.
Cooper added to deck.
Cooper added to deck.
Cooper added to deck.
Cooper added to deck.
Estate added to deck.
Estate added to deck.
Estate added to deck.
Shuffling in the discard pile of TestPlayer to draw FIVE cards.
TestPlayer draws: Cooper. 
TestPlayer draws: Estate. 
TestPlayer draws: Cooper. 
TestPlayer draws: Cooper. 
TestPlayer draws: Estate. 
Cooper added to deck.
Cooper added to deck.
Cooper added to deck.
Cooper added to deck.
Cooper added to deck.
Cooper added to deck.
Cooper added to deck.
Estate added to deck.
Estate added to deck.
Estate added to deck.
Shuffling in the discard pile of TestPlayer2 to draw FIVE cards.
TestPlayer2 draws: Cooper. 
TestPlayer2 draws: Estate. 
TestPlayer2 draws: Cooper. 
TestPlayer2 draws: Cooper. 
TestPlayer2 draws: Cooper. 
 --- TestPlayer --- 
 --- --------------------------- --- 
Hand:		 [ &gt;Cooper &gt;Cooper &gt;Cooper &gt;Estate &gt;Estate ] 
Discard:	 [ ] 
5Deck:		 [ &gt;Cooper &gt;Cooper &gt;Estate &gt;Cooper &gt;Cooper ] 
Played Cards:	 [ ] 
Actions Left:	 1
Coins:		 0
Buys Left:	 1


</system-out>
  </testcase>
  <testcase time="0.004" classname="cs362.dominion.PlayerTest" name="endPhaseTest"/>
  <testcase time="0.002" classname="cs362.dominion.PlayerTest" name="drawTest"/>
  <testcase time="0.002" classname="cs362.dominion.PlayerTest" name="discardTest"/>
</testsuite>